mode: set
portservice/cmd/portservice/main.go:17.13,37.12 11 0
portservice/cmd/portservice/main.go:37.12,39.3 1 0
portservice/cmd/portservice/main.go:42.2,43.9 2 0
portservice/cmd/portservice/main.go:44.23,45.30 1 0
portservice/cmd/portservice/main.go:45.30,47.4 1 0
portservice/cmd/portservice/main.go:47.9,47.24 1 0
portservice/cmd/portservice/main.go:47.24,49.4 1 0
portservice/cmd/portservice/main.go:49.9,54.80 3 0
portservice/cmd/portservice/main.go:54.80,62.5 6 0
portservice/cmd/portservice/main.go:64.24,68.10 3 0
portservice/cmd/portservice/main.go:69.24,70.56 1 0
portservice/cmd/portservice/main.go:71.38,72.48 1 0
portservice/cmd/portservice/main.go:77.2,80.99 3 0
portservice/cmd/portservice/main.go:80.99,82.3 1 0
portservice/cmd/portservice/main.go:84.2,84.43 1 0
portservice/cmd/portservice/main.go:84.43,86.3 1 0
portservice/cmd/portservice/main.go:87.2,87.32 1 0
portservice/internal/domain/port.go:15.70,16.41 1 1
portservice/internal/domain/port.go:16.41,18.3 1 1
portservice/internal/domain/port.go:19.2,19.37 1 1
portservice/internal/domain/port.go:19.37,21.3 1 1
portservice/internal/domain/port.go:22.2,25.8 1 1
portservice/internal/domain/port.go:29.38,31.2 1 1
portservice/internal/domain/port.go:47.136,48.14 1 1
portservice/internal/domain/port.go:48.14,50.3 1 1
portservice/internal/domain/port.go:51.2,51.16 1 1
portservice/internal/domain/port.go:51.16,53.3 1 1
portservice/internal/domain/port.go:54.2,54.22 1 1
portservice/internal/domain/port.go:54.22,56.3 1 1
portservice/internal/domain/port.go:58.2,59.16 2 1
portservice/internal/domain/port.go:59.16,61.3 1 1
portservice/internal/domain/port.go:63.2,73.8 1 1
portservice/internal/domain/port.go:77.33,78.16 1 1
portservice/internal/domain/port.go:78.16,80.3 1 1
portservice/internal/domain/port.go:81.2,81.18 1 1
portservice/internal/domain/port.go:81.18,83.3 1 1
portservice/internal/domain/port.go:84.2,84.26 1 1
portservice/internal/domain/port.go:84.26,86.3 1 1
portservice/internal/domain/port.go:87.2,87.12 1 1
portservice/internal/domain/port.go:91.32,94.2 1 1
portservice/internal/adapters/secondary/memory/port_repository.go:25.45,29.2 1 1
portservice/internal/adapters/secondary/memory/port_repository.go:32.81,33.9 1 1
portservice/internal/adapters/secondary/memory/port_repository.go:34.20,35.19 1 1
portservice/internal/adapters/secondary/memory/port_repository.go:36.10,37.41 1 1
portservice/internal/adapters/secondary/memory/port_repository.go:37.41,39.4 1 0
portservice/internal/adapters/secondary/memory/port_repository.go:41.3,48.14 5 1
portservice/internal/adapters/secondary/memory/port_repository.go:48.14,50.4 1 1
portservice/internal/adapters/secondary/memory/port_repository.go:51.3,54.13 3 1
portservice/internal/adapters/secondary/memory/port_repository.go:59.88,60.9 1 1
portservice/internal/adapters/secondary/memory/port_repository.go:61.20,62.24 1 1
portservice/internal/adapters/secondary/memory/port_repository.go:63.10,67.42 3 1
portservice/internal/adapters/secondary/memory/port_repository.go:67.42,69.4 1 1
portservice/internal/adapters/secondary/memory/port_repository.go:70.3,70.18 1 1
portservice/internal/adapters/secondary/memory/port_repository.go:75.62,82.2 2 1
portservice/internal/adapters/secondary/memory/port_repository.go:85.59,86.9 1 1
portservice/internal/adapters/secondary/memory/port_repository.go:87.20,88.19 1 1
portservice/internal/adapters/secondary/memory/port_repository.go:89.10,94.26 3 1
portservice/internal/adapters/secondary/memory/port_repository.go:94.26,96.4 1 1
portservice/internal/adapters/secondary/memory/port_repository.go:97.3,98.13 2 1
portservice/internal/core/port_service.go:22.67,26.2 1 1
portservice/internal/core/port_service.go:29.88,30.22 1 1
portservice/internal/core/port_service.go:30.22,32.3 1 1
portservice/internal/core/port_service.go:33.2,33.17 1 1
portservice/internal/core/port_service.go:33.17,35.3 1 1
portservice/internal/core/port_service.go:36.2,36.40 1 1
portservice/internal/core/port_service.go:36.40,38.3 1 1
portservice/internal/core/port_service.go:39.2,39.41 1 1
portservice/internal/core/port_service.go:43.85,44.22 1 1
portservice/internal/core/port_service.go:44.22,46.3 1 1
portservice/internal/core/port_service.go:47.2,47.14 1 1
portservice/internal/core/port_service.go:47.14,49.3 1 1
portservice/internal/core/port_service.go:50.2,50.38 1 1
portservice/internal/core/port_service.go:54.84,56.16 2 1
portservice/internal/core/port_service.go:56.16,58.3 1 1
portservice/internal/core/port_service.go:59.2,64.43 3 1
portservice/internal/core/port_service.go:64.43,66.3 1 1
portservice/internal/core/port_service.go:69.2,69.21 1 1
portservice/internal/core/port_service.go:69.21,70.10 1 1
portservice/internal/core/port_service.go:71.21,72.20 1 1
portservice/internal/core/port_service.go:73.11,76.18 2 1
portservice/internal/core/port_service.go:76.18,77.22 1 0
portservice/internal/core/port_service.go:77.22,78.11 1 0
portservice/internal/core/port_service.go:80.5,80.57 1 0
portservice/internal/core/port_service.go:84.4,85.52 2 1
portservice/internal/core/port_service.go:85.52,87.5 1 1
portservice/internal/core/port_service.go:90.4,91.11 2 1
portservice/internal/core/port_service.go:91.11,93.13 2 0
portservice/internal/core/port_service.go:97.4,105.85 7 1
portservice/internal/core/port_service.go:105.85,108.25 3 1
portservice/internal/core/port_service.go:108.25,110.14 2 0
portservice/internal/core/port_service.go:112.5,112.32 1 1
portservice/internal/core/port_service.go:112.32,114.14 2 1
portservice/internal/core/port_service.go:116.5,116.30 1 1
portservice/internal/core/port_service.go:116.30,118.14 2 0
portservice/internal/core/port_service.go:120.5,120.38 1 1
portservice/internal/core/port_service.go:121.10,123.13 2 1
portservice/internal/core/port_service.go:127.4,128.63 2 1
portservice/internal/core/port_service.go:128.63,129.33 1 1
portservice/internal/core/port_service.go:129.33,130.33 1 1
portservice/internal/core/port_service.go:130.33,132.7 1 1
portservice/internal/core/port_service.go:137.4,148.18 2 1
portservice/internal/core/port_service.go:148.18,150.13 2 0
portservice/internal/core/port_service.go:154.4,154.59 1 1
portservice/internal/core/port_service.go:154.59,156.5 1 1
portservice/internal/core/port_service.go:160.2,160.12 1 1
portservice/internal/core/port_service.go:164.87,165.39 1 1
portservice/internal/core/port_service.go:165.39,167.3 1 1
portservice/internal/core/port_service.go:168.2,168.21 1 1
